Using pre-set license
Built from '2020.3/staging' branch; Version is '2020.3.6f1 (338bb68529b2) revision 3378102'; Using compiler version '192528614'; Build Type 'Release'
OS: 'Windows 10 Pro; OS build 19042.928; Version 2009; 64bit' Language: 'pt' Physical Memory: 16332 MB
BatchMode: 1, IsHumanControllingUs: 0, StartBugReporterOnCrash: 0, Is64bit: 1, IsPro: 0

 COMMAND LINE ARGUMENTS:
D:\Code\Unity\2020.3.6f1\Editor\Unity.exe
-adb2
-batchMode
-noUpm
-name
AssetImportWorker0
-projectPath
D:/Code/Unity/Medievania
-logFile
Logs/AssetImportWorker0.log
-srvPort
64337
Successfully changed project path to: D:/Code/Unity/Medievania
D:/Code/Unity/Medievania
Using Asset Import Pipeline V2.
Refreshing native plugins compatible for Editor in 40.20 ms, found 1 plugins.
Preloading 0 native plugins for Editor in 0.00 ms.
Initialize engine version: 2020.3.6f1 (338bb68529b2)
[Subsystems] Discovering subsystems at path D:/Code/Unity/2020.3.6f1/Editor/Data/Resources/UnitySubsystems
[Subsystems] Discovering subsystems at path D:/Code/Unity/Medievania/Assets
GfxDevice: creating device client; threaded=0
Direct3D:
    Version:  Direct3D 11.0 [level 11.1]
    Renderer: NVIDIA GeForce GTX 1660 SUPER (ID=0x21c4)
    Vendor:   
    VRAM:     5991 MB
    Driver:   27.21.14.6192
Initialize mono
Mono path[0] = 'D:/Code/Unity/2020.3.6f1/Editor/Data/Managed'
Mono path[1] = 'D:/Code/Unity/2020.3.6f1/Editor/Data/MonoBleedingEdge/lib/mono/unityjit'
Mono config path = 'D:/Code/Unity/2020.3.6f1/Editor/Data/MonoBleedingEdge/etc'
Using monoOptions --debugger-agent=transport=dt_socket,embedding=1,server=y,suspend=n,address=127.0.0.1:56948
Begin MonoManager ReloadAssembly
Registering precompiled unity dll's ...
Register platform support module: D:/Code/Unity/2020.3.6f1/Editor/Data/PlaybackEngines/WindowsStandaloneSupport/UnityEditor.WindowsStandalone.Extensions.dll
Registered in 0.000905 seconds.
Native extension for WindowsStandalone target not found
Refreshing native plugins compatible for Editor in 40.37 ms, found 1 plugins.
Preloading 0 native plugins for Editor in 0.00 ms.
Mono: successfully reloaded assembly
- Completed reload, in  0.732 seconds
Platform modules already initialized, skipping
Registering precompiled user dll's ...
Registered in 0.000565 seconds.
Begin MonoManager ReloadAssembly
Native extension for WindowsStandalone target not found
Refreshing native plugins compatible for Editor in 43.32 ms, found 1 plugins.
Preloading 0 native plugins for Editor in 0.00 ms.
Mono: successfully reloaded assembly
- Completed reload, in  0.780 seconds
Platform modules already initialized, skipping
========================================================================
Worker process is ready to serve import requests
Launched and connected shader compiler UnityShaderCompiler.exe after 0.04 seconds
Refreshing native plugins compatible for Editor in 0.53 ms, found 1 plugins.
Preloading 0 native plugins for Editor in 0.00 ms.
Unloading 1960 Unused Serialized files (Serialized files now loaded: 0)
System memory in use before: 90.0 MB.
System memory in use after: 90.1 MB.

Unloading 20 unused Assets to reduce memory usage. Loaded Objects now: 2410.
Total: 1.952900 ms (FindLiveObjects: 0.246800 ms CreateObjectMapping: 0.047200 ms MarkObjects: 1.596500 ms  DeleteObjects: 0.061400 ms)

========================================================================
Received Import Request.
  path: Assets/Apoio/UrbanNightSky/Demo/UrbanNightSky Demo.unity
  artifactKey: Guid(0e789f544dcc6f44b938524326765974) Importer(815301076,1909f56bfc062723c751e8b465ee728b)
Start importing Assets/Apoio/UrbanNightSky/Demo/UrbanNightSky Demo.unity using Guid(0e789f544dcc6f44b938524326765974) Importer(815301076,1909f56bfc062723c751e8b465ee728b)  -> (artifact id: 'b16be15e767e9ed95aacebb8371a502c') in 0.013634 seconds
  Import took 0.016647 seconds .

========================================================================
Received Import Request.
  Time since last request: 3.056878 seconds.
  path: Assets/Apoio/UrbanNightSky/Textures/UrbanNightSky_Back.png
  artifactKey: Guid(6ef94ae4b0007cd438b483cd250be993) Importer(815301076,1909f56bfc062723c751e8b465ee728b)
Start importing Assets/Apoio/UrbanNightSky/Textures/UrbanNightSky_Back.png using Guid(6ef94ae4b0007cd438b483cd250be993) Importer(815301076,1909f56bfc062723c751e8b465ee728b)  -> (artifact id: 'b97cb6cdad8231370906b524bb822f99') in 0.079226 seconds
  Import took 0.082424 seconds .

========================================================================
Received Import Request.
  Time since last request: 0.000196 seconds.
  path: Assets/Apoio/UrbanNightSky/Textures/UrbanNightSky_Right.png
  artifactKey: Guid(a56b67fd5c6c1e74dbce262d25768be5) Importer(815301076,1909f56bfc062723c751e8b465ee728b)
Start importing Assets/Apoio/UrbanNightSky/Textures/UrbanNightSky_Right.png using Guid(a56b67fd5c6c1e74dbce262d25768be5) Importer(815301076,1909f56bfc062723c751e8b465ee728b)  -> (artifact id: 'f3892253267c3eb0c4a4de8e1e966d3f') in 1.110222 seconds
  Import took 1.116594 seconds .

========================================================================
Received Import Request.
  Time since last request: 0.000182 seconds.
  path: Assets/Apoio/UrbanNightSky/Textures/UrbanNightSky_Bottom.png
  artifactKey: Guid(cdf48daf83873b8469b42b1af03b7cd5) Importer(815301076,1909f56bfc062723c751e8b465ee728b)
Start importing Assets/Apoio/UrbanNightSky/Textures/UrbanNightSky_Bottom.png using Guid(cdf48daf83873b8469b42b1af03b7cd5) Importer(815301076,1909f56bfc062723c751e8b465ee728b)  -> (artifact id: 'a65223486d78302a4e93cfd8653ed48a') in 0.010967 seconds
  Import took 0.014055 seconds .

========================================================================
Received Import Request.
  Time since last request: 0.000185 seconds.
  path: Assets/Apoio/UrbanNightSky/Textures/UrbanNightSky_Front.png
  artifactKey: Guid(c5d79c30433bff14887533ccbb79aa82) Importer(815301076,1909f56bfc062723c751e8b465ee728b)
Start importing Assets/Apoio/UrbanNightSky/Textures/UrbanNightSky_Front.png using Guid(c5d79c30433bff14887533ccbb79aa82) Importer(815301076,1909f56bfc062723c751e8b465ee728b)  -> (artifact id: 'a6b9da6b4f4032ab319b72abcaac1e63') in 0.010705 seconds
  Import took 0.013436 seconds .

========================================================================
Received Import Request.
  Time since last request: 0.000207 seconds.
  path: Assets/Apoio/UrbanNightSky/Textures/UrbanNightSky_Top.png
  artifactKey: Guid(7ec0d505654da4a45add45159bfe0097) Importer(815301076,1909f56bfc062723c751e8b465ee728b)
Start importing Assets/Apoio/UrbanNightSky/Textures/UrbanNightSky_Top.png using Guid(7ec0d505654da4a45add45159bfe0097) Importer(815301076,1909f56bfc062723c751e8b465ee728b)  -> (artifact id: 'b619735357dd70f7694a43c30031034a') in 0.010664 seconds
  Import took 0.014129 seconds .

========================================================================
Received Import Request.
  Time since last request: 0.000181 seconds.
  path: Assets/Apoio/UrbanNightSky/Textures/UrbanNightSky_Left.png
  artifactKey: Guid(18d870738208882428fe2062a93004e7) Importer(815301076,1909f56bfc062723c751e8b465ee728b)
Start importing Assets/Apoio/UrbanNightSky/Textures/UrbanNightSky_Left.png using Guid(18d870738208882428fe2062a93004e7) Importer(815301076,1909f56bfc062723c751e8b465ee728b)  -> (artifact id: 'b59bda2efad752a6b9820a4df115509e') in 0.012012 seconds
  Import took 0.014651 seconds .

