Using pre-set license
Built from '2020.3/staging' branch; Version is '2020.3.6f1 (338bb68529b2) revision 3378102'; Using compiler version '192528614'; Build Type 'Release'
OS: 'Windows 10 Pro; OS build 19042.928; Version 2009; 64bit' Language: 'pt' Physical Memory: 16332 MB
BatchMode: 1, IsHumanControllingUs: 0, StartBugReporterOnCrash: 0, Is64bit: 1, IsPro: 0

 COMMAND LINE ARGUMENTS:
D:\Code\Unity\2020.3.6f1\Editor\Unity.exe
-adb2
-batchMode
-noUpm
-name
AssetImportWorker0
-projectPath
D:/Code/Unity/Medievania
-logFile
Logs/AssetImportWorker0.log
-srvPort
54526
Successfully changed project path to: D:/Code/Unity/Medievania
D:/Code/Unity/Medievania
Using Asset Import Pipeline V2.
Refreshing native plugins compatible for Editor in 37.15 ms, found 1 plugins.
Preloading 0 native plugins for Editor in 0.00 ms.
Initialize engine version: 2020.3.6f1 (338bb68529b2)
[Subsystems] Discovering subsystems at path D:/Code/Unity/2020.3.6f1/Editor/Data/Resources/UnitySubsystems
[Subsystems] Discovering subsystems at path D:/Code/Unity/Medievania/Assets
GfxDevice: creating device client; threaded=0
Direct3D:
    Version:  Direct3D 11.0 [level 11.1]
    Renderer: NVIDIA GeForce GTX 1660 SUPER (ID=0x21c4)
    Vendor:   
    VRAM:     5991 MB
    Driver:   27.21.14.6192
Initialize mono
Mono path[0] = 'D:/Code/Unity/2020.3.6f1/Editor/Data/Managed'
Mono path[1] = 'D:/Code/Unity/2020.3.6f1/Editor/Data/MonoBleedingEdge/lib/mono/unityjit'
Mono config path = 'D:/Code/Unity/2020.3.6f1/Editor/Data/MonoBleedingEdge/etc'
Using monoOptions --debugger-agent=transport=dt_socket,embedding=1,server=y,suspend=n,address=127.0.0.1:56644
Begin MonoManager ReloadAssembly
Registering precompiled unity dll's ...
Register platform support module: D:/Code/Unity/2020.3.6f1/Editor/Data/PlaybackEngines/WindowsStandaloneSupport/UnityEditor.WindowsStandalone.Extensions.dll
Registered in 0.000870 seconds.
Native extension for WindowsStandalone target not found
Refreshing native plugins compatible for Editor in 38.74 ms, found 1 plugins.
Preloading 0 native plugins for Editor in 0.00 ms.
Mono: successfully reloaded assembly
- Completed reload, in  0.697 seconds
Platform modules already initialized, skipping
Registering precompiled user dll's ...
Registered in 0.000829 seconds.
Begin MonoManager ReloadAssembly
Native extension for WindowsStandalone target not found
Refreshing native plugins compatible for Editor in 40.89 ms, found 1 plugins.
Preloading 0 native plugins for Editor in 0.00 ms.
Mono: successfully reloaded assembly
- Completed reload, in  0.737 seconds
Platform modules already initialized, skipping
========================================================================
Worker process is ready to serve import requests
Launched and connected shader compiler UnityShaderCompiler.exe after 0.04 seconds
Refreshing native plugins compatible for Editor in 0.50 ms, found 1 plugins.
Preloading 0 native plugins for Editor in 0.00 ms.
Unloading 1810 Unused Serialized files (Serialized files now loaded: 0)
System memory in use before: 84.9 MB.
System memory in use after: 85.0 MB.

Unloading 19 unused Assets to reduce memory usage. Loaded Objects now: 2258.
Total: 1.806000 ms (FindLiveObjects: 0.198400 ms CreateObjectMapping: 0.045400 ms MarkObjects: 1.507700 ms  DeleteObjects: 0.053500 ms)

========================================================================
Received Import Request.
  path: Assets/Sprites/Animation/Enemies/FlyingEye_Death.png
  artifactKey: Guid(bcab93853e83449478125ad1932da626) Importer(815301076,1909f56bfc062723c751e8b465ee728b)
Start importing Assets/Sprites/Animation/Enemies/FlyingEye_Death.png using Guid(bcab93853e83449478125ad1932da626) Importer(815301076,1909f56bfc062723c751e8b465ee728b)  -> (artifact id: '620dff59dbaa3d409f3571a2142899e7') in 0.102228 seconds
  Import took 0.104877 seconds .

========================================================================
Received Import Request.
  Time since last request: 0.000219 seconds.
  path: Assets/Sprites/Animation/Enemies/Eskeleton_Death.png
  artifactKey: Guid(b9cb3ccc51c8bcf4fbe2df17d0d74dde) Importer(815301076,1909f56bfc062723c751e8b465ee728b)
Start importing Assets/Sprites/Animation/Enemies/Eskeleton_Death.png using Guid(b9cb3ccc51c8bcf4fbe2df17d0d74dde) Importer(815301076,1909f56bfc062723c751e8b465ee728b)  -> (artifact id: '4e8a6fd6bf3b1662b472ba6ee82e96cf') in 0.009093 seconds
  Import took 0.011456 seconds .

========================================================================
Received Import Request.
  Time since last request: 48.321869 seconds.
  path: Assets/Sprites/Animation/Enemies/Skeleton_Death.anim
  artifactKey: Guid(945be3239f82cfb47adef15c64a92982) Importer(815301076,1909f56bfc062723c751e8b465ee728b)
Start importing Assets/Sprites/Animation/Enemies/Skeleton_Death.anim using Guid(945be3239f82cfb47adef15c64a92982) Importer(815301076,1909f56bfc062723c751e8b465ee728b)  -> (artifact id: 'e796c6784779cbbce9132c5cb09dabf5') in 0.008258 seconds
  Import took 0.011134 seconds .

========================================================================
Received Import Request.
  Time since last request: 29.210601 seconds.
  path: Assets/Sprites/Animation/Enemies/Eskeleton_Death.png
  artifactKey: Guid(b9cb3ccc51c8bcf4fbe2df17d0d74dde) Importer(815301076,1909f56bfc062723c751e8b465ee728b)
Start importing Assets/Sprites/Animation/Enemies/Eskeleton_Death.png using Guid(b9cb3ccc51c8bcf4fbe2df17d0d74dde) Importer(815301076,1909f56bfc062723c751e8b465ee728b)  -> (artifact id: '1519ac83e32ac861d03ed7c08708f73b') in 0.010475 seconds
  Import took 0.013312 seconds .

========================================================================
Received Import Request.
  Time since last request: 0.009306 seconds.
  path: Assets/Sprites/Animation/Enemies/Eskeleton_Death.png
  artifactKey: Guid(b9cb3ccc51c8bcf4fbe2df17d0d74dde) Importer(815301076,1909f56bfc062723c751e8b465ee728b)
Start importing Assets/Sprites/Animation/Enemies/Eskeleton_Death.png using Guid(b9cb3ccc51c8bcf4fbe2df17d0d74dde) Importer(815301076,1909f56bfc062723c751e8b465ee728b)  -> (artifact id: '1519ac83e32ac861d03ed7c08708f73b') in 0.006177 seconds
  Import took 0.009081 seconds .

========================================================================
Received Import Request.
  Time since last request: 33.704238 seconds.
  path: Assets/Sprites/Animation/Enemies/Eskeleton_Death.png
  artifactKey: Guid(b9cb3ccc51c8bcf4fbe2df17d0d74dde) Importer(815301076,1909f56bfc062723c751e8b465ee728b)
Start importing Assets/Sprites/Animation/Enemies/Eskeleton_Death.png using Guid(b9cb3ccc51c8bcf4fbe2df17d0d74dde) Importer(815301076,1909f56bfc062723c751e8b465ee728b)  -> (artifact id: '48cb6d075321ae0ea4dddd65c470c712') in 0.050446 seconds
  Import took 0.053258 seconds .

========================================================================
Received Import Request.
  Time since last request: 123.187951 seconds.
  path: Assets/Sprites/Animation/Enemies/Eskeleton_Death.png
  artifactKey: Guid(b9cb3ccc51c8bcf4fbe2df17d0d74dde) Importer(815301076,1909f56bfc062723c751e8b465ee728b)
Start importing Assets/Sprites/Animation/Enemies/Eskeleton_Death.png using Guid(b9cb3ccc51c8bcf4fbe2df17d0d74dde) Importer(815301076,1909f56bfc062723c751e8b465ee728b)  -> (artifact id: '148260a4bb2624f500dc98a73ee11b5b') in 0.027798 seconds
  Import took 0.030744 seconds .

========================================================================
Received Import Request.
  Time since last request: 93.205240 seconds.
  path: Assets/Sprites/Animation/Enemies/Eskeleton_Death.png
  artifactKey: Guid(b9cb3ccc51c8bcf4fbe2df17d0d74dde) Importer(815301076,1909f56bfc062723c751e8b465ee728b)
Start importing Assets/Sprites/Animation/Enemies/Eskeleton_Death.png using Guid(b9cb3ccc51c8bcf4fbe2df17d0d74dde) Importer(815301076,1909f56bfc062723c751e8b465ee728b)  -> (artifact id: 'af0ca455086f8830d45134e64feafc5d') in 0.013767 seconds
  Import took 0.016551 seconds .

========================================================================
Received Import Request.
  Time since last request: 326.637976 seconds.
  path: Assets/Sprites/Animation/Enemies/Eskeleton_Death.png
  artifactKey: Guid(b9cb3ccc51c8bcf4fbe2df17d0d74dde) Importer(815301076,1909f56bfc062723c751e8b465ee728b)
Start importing Assets/Sprites/Animation/Enemies/Eskeleton_Death.png using Guid(b9cb3ccc51c8bcf4fbe2df17d0d74dde) Importer(815301076,1909f56bfc062723c751e8b465ee728b)  -> (artifact id: 'd2a8119c67065c0f282aeaa3fa40927e') in 0.028762 seconds
  Import took 0.031524 seconds .

========================================================================
Received Import Request.
  Time since last request: 274.522367 seconds.
  path: Assets/Sprites/Animation/Enemies/Skeleton.controller
  artifactKey: Guid(6ea3a1ae377359c4dbfd7bfacddb6340) Importer(815301076,1909f56bfc062723c751e8b465ee728b)
Start importing Assets/Sprites/Animation/Enemies/Skeleton.controller using Guid(6ea3a1ae377359c4dbfd7bfacddb6340) Importer(815301076,1909f56bfc062723c751e8b465ee728b)  -> (artifact id: 'b76324d49ed7fb70d3c8580e207cb68f') in 0.004591 seconds
  Import took 0.007659 seconds .

========================================================================
Received Prepare
Registering precompiled user dll's ...
Registered in 0.000679 seconds.
Begin MonoManager ReloadAssembly
Native extension for WindowsStandalone target not found
Refreshing native plugins compatible for Editor in 0.50 ms, found 1 plugins.
Preloading 0 native plugins for Editor in 0.00 ms.
Mono: successfully reloaded assembly
- Completed reload, in  0.674 seconds
Platform modules already initialized, skipping
Refreshing native plugins compatible for Editor in 0.46 ms, found 1 plugins.
Preloading 0 native plugins for Editor in 0.00 ms.
Unloading 1800 Unused Serialized files (Serialized files now loaded: 0)
System memory in use before: 87.4 MB.
System memory in use after: 87.5 MB.

Unloading 7 unused Assets to reduce memory usage. Loaded Objects now: 2298.
Total: 1.876300 ms (FindLiveObjects: 0.215600 ms CreateObjectMapping: 0.044300 ms MarkObjects: 1.592900 ms  DeleteObjects: 0.022400 ms)

========================================================================
Received Prepare
Registering precompiled user dll's ...
Registered in 0.000651 seconds.
Begin MonoManager ReloadAssembly
Native extension for WindowsStandalone target not found
Refreshing native plugins compatible for Editor in 0.48 ms, found 1 plugins.
Preloading 0 native plugins for Editor in 0.00 ms.
Mono: successfully reloaded assembly
- Completed reload, in  0.657 seconds
Platform modules already initialized, skipping
Refreshing native plugins compatible for Editor in 0.38 ms, found 1 plugins.
Preloading 0 native plugins for Editor in 0.00 ms.
Unloading 1800 Unused Serialized files (Serialized files now loaded: 0)
System memory in use before: 87.5 MB.
System memory in use after: 87.6 MB.

Unloading 7 unused Assets to reduce memory usage. Loaded Objects now: 2302.
Total: 2.126000 ms (FindLiveObjects: 0.202000 ms CreateObjectMapping: 0.040600 ms MarkObjects: 1.864300 ms  DeleteObjects: 0.017900 ms)

========================================================================
Received Prepare
Registering precompiled user dll's ...
Registered in 0.000618 seconds.
Begin MonoManager ReloadAssembly
Native extension for WindowsStandalone target not found
Refreshing native plugins compatible for Editor in 0.49 ms, found 1 plugins.
Preloading 0 native plugins for Editor in 0.00 ms.
Mono: successfully reloaded assembly
- Completed reload, in  0.641 seconds
Platform modules already initialized, skipping
Refreshing native plugins compatible for Editor in 0.36 ms, found 1 plugins.
Preloading 0 native plugins for Editor in 0.00 ms.
Unloading 1800 Unused Serialized files (Serialized files now loaded: 0)
System memory in use before: 87.5 MB.
System memory in use after: 87.6 MB.

Unloading 7 unused Assets to reduce memory usage. Loaded Objects now: 2306.
Total: 1.861500 ms (FindLiveObjects: 0.182400 ms CreateObjectMapping: 0.039400 ms MarkObjects: 1.620800 ms  DeleteObjects: 0.018100 ms)

========================================================================
Received Prepare
Registering precompiled user dll's ...
Registered in 0.000742 seconds.
Begin MonoManager ReloadAssembly
Native extension for WindowsStandalone target not found
Refreshing native plugins compatible for Editor in 0.49 ms, found 1 plugins.
Preloading 0 native plugins for Editor in 0.00 ms.
Mono: successfully reloaded assembly
- Completed reload, in  0.653 seconds
Platform modules already initialized, skipping
Refreshing native plugins compatible for Editor in 0.38 ms, found 1 plugins.
Preloading 0 native plugins for Editor in 0.00 ms.
Unloading 1800 Unused Serialized files (Serialized files now loaded: 0)
System memory in use before: 87.5 MB.
System memory in use after: 87.6 MB.

Unloading 7 unused Assets to reduce memory usage. Loaded Objects now: 2310.
Total: 2.219500 ms (FindLiveObjects: 0.302100 ms CreateObjectMapping: 0.040800 ms MarkObjects: 1.851800 ms  DeleteObjects: 0.023500 ms)

========================================================================
Received Prepare
Registering precompiled user dll's ...
Registered in 0.000566 seconds.
Begin MonoManager ReloadAssembly
Native extension for WindowsStandalone target not found
Refreshing native plugins compatible for Editor in 0.48 ms, found 1 plugins.
Preloading 0 native plugins for Editor in 0.00 ms.
Mono: successfully reloaded assembly
- Completed reload, in  0.656 seconds
Platform modules already initialized, skipping
Refreshing native plugins compatible for Editor in 0.39 ms, found 1 plugins.
Preloading 0 native plugins for Editor in 0.00 ms.
Unloading 1800 Unused Serialized files (Serialized files now loaded: 0)
System memory in use before: 87.5 MB.
System memory in use after: 87.6 MB.

Unloading 7 unused Assets to reduce memory usage. Loaded Objects now: 2314.
Total: 1.888500 ms (FindLiveObjects: 0.202600 ms CreateObjectMapping: 0.045700 ms MarkObjects: 1.616000 ms  DeleteObjects: 0.023300 ms)

========================================================================
Received Prepare
Registering precompiled user dll's ...
Registered in 0.000654 seconds.
Begin MonoManager ReloadAssembly
Native extension for WindowsStandalone target not found
Refreshing native plugins compatible for Editor in 0.48 ms, found 1 plugins.
Preloading 0 native plugins for Editor in 0.00 ms.
Mono: successfully reloaded assembly
- Completed reload, in  0.646 seconds
Platform modules already initialized, skipping
Refreshing native plugins compatible for Editor in 0.31 ms, found 1 plugins.
Preloading 0 native plugins for Editor in 0.00 ms.
Unloading 1800 Unused Serialized files (Serialized files now loaded: 0)
System memory in use before: 87.5 MB.
System memory in use after: 87.6 MB.

Unloading 7 unused Assets to reduce memory usage. Loaded Objects now: 2318.
Total: 2.154500 ms (FindLiveObjects: 0.228600 ms CreateObjectMapping: 0.047300 ms MarkObjects: 1.852600 ms  DeleteObjects: 0.024800 ms)

========================================================================
Received Prepare
Registering precompiled user dll's ...
Registered in 0.000611 seconds.
Begin MonoManager ReloadAssembly
Native extension for WindowsStandalone target not found
Refreshing native plugins compatible for Editor in 0.48 ms, found 1 plugins.
Preloading 0 native plugins for Editor in 0.00 ms.
Mono: successfully reloaded assembly
- Completed reload, in  0.651 seconds
Platform modules already initialized, skipping
Refreshing native plugins compatible for Editor in 0.29 ms, found 1 plugins.
Preloading 0 native plugins for Editor in 0.00 ms.
Unloading 1800 Unused Serialized files (Serialized files now loaded: 0)
System memory in use before: 87.5 MB.
System memory in use after: 87.7 MB.

Unloading 7 unused Assets to reduce memory usage. Loaded Objects now: 2322.
Total: 1.822300 ms (FindLiveObjects: 0.189500 ms CreateObjectMapping: 0.044600 ms MarkObjects: 1.570000 ms  DeleteObjects: 0.017300 ms)

========================================================================
Received Import Request.
  Time since last request: 753.272089 seconds.
  path: Assets/Sprites/Animation/Enemies/FlyingEye_Death.png
  artifactKey: Guid(bcab93853e83449478125ad1932da626) Importer(815301076,1909f56bfc062723c751e8b465ee728b)
Start importing Assets/Sprites/Animation/Enemies/FlyingEye_Death.png using Guid(bcab93853e83449478125ad1932da626) Importer(815301076,1909f56bfc062723c751e8b465ee728b)  -> (artifact id: '26f65959653d975c58af6649d13f3d4e') in 0.032470 seconds
  Import took 0.035460 seconds .

========================================================================
Received Import Request.
  Time since last request: 61.127755 seconds.
  path: Assets/Sprites/Animation/Enemies/FlyingEye_Death.png
  artifactKey: Guid(bcab93853e83449478125ad1932da626) Importer(815301076,1909f56bfc062723c751e8b465ee728b)
Start importing Assets/Sprites/Animation/Enemies/FlyingEye_Death.png using Guid(bcab93853e83449478125ad1932da626) Importer(815301076,1909f56bfc062723c751e8b465ee728b)  -> (artifact id: '4ffe2380a7b3174ce0986181e5e0063e') in 0.030446 seconds
  Import took 0.033384 seconds .

========================================================================
Received Import Request.
  Time since last request: 27.556436 seconds.
  path: Assets/Sprites/Animation/Enemies/FlyingEye_Death.anim
  artifactKey: Guid(2cf864a84e077194baef5998d06b4aa1) Importer(815301076,1909f56bfc062723c751e8b465ee728b)
Start importing Assets/Sprites/Animation/Enemies/FlyingEye_Death.anim using Guid(2cf864a84e077194baef5998d06b4aa1) Importer(815301076,1909f56bfc062723c751e8b465ee728b)  -> (artifact id: '1463ab828eb5aee6002f09e149231931') in 0.002007 seconds
  Import took 0.004797 seconds .

========================================================================
Received Import Request.
  Time since last request: 88.350085 seconds.
  path: Assets/Sprites/Animation/Enemies/FlyingEye.controller
  artifactKey: Guid(de1ae3432157eea44a772c17387ad937) Importer(815301076,1909f56bfc062723c751e8b465ee728b)
Start importing Assets/Sprites/Animation/Enemies/FlyingEye.controller using Guid(de1ae3432157eea44a772c17387ad937) Importer(815301076,1909f56bfc062723c751e8b465ee728b)  -> (artifact id: 'f7c3ce22b158dcd28ea4474ecf8dcb4a') in 0.003172 seconds
  Import took 0.006597 seconds .

========================================================================
Received Prepare
Registering precompiled user dll's ...
Registered in 0.000680 seconds.
Begin MonoManager ReloadAssembly
Native extension for WindowsStandalone target not found
Refreshing native plugins compatible for Editor in 0.53 ms, found 1 plugins.
Preloading 0 native plugins for Editor in 0.00 ms.
Mono: successfully reloaded assembly
- Completed reload, in  0.671 seconds
Platform modules already initialized, skipping
Refreshing native plugins compatible for Editor in 0.38 ms, found 1 plugins.
Preloading 0 native plugins for Editor in 0.00 ms.
Unloading 1801 Unused Serialized files (Serialized files now loaded: 0)
System memory in use before: 87.6 MB.
System memory in use after: 87.7 MB.

Unloading 7 unused Assets to reduce memory usage. Loaded Objects now: 2328.
Total: 1.851000 ms (FindLiveObjects: 0.195400 ms CreateObjectMapping: 0.039900 ms MarkObjects: 1.590500 ms  DeleteObjects: 0.024300 ms)

========================================================================
Received Prepare
Registering precompiled user dll's ...
Registered in 0.000644 seconds.
Begin MonoManager ReloadAssembly
Native extension for WindowsStandalone target not found
Refreshing native plugins compatible for Editor in 0.48 ms, found 1 plugins.
Preloading 0 native plugins for Editor in 0.00 ms.
Mono: successfully reloaded assembly
- Completed reload, in  0.645 seconds
Platform modules already initialized, skipping
Refreshing native plugins compatible for Editor in 0.38 ms, found 1 plugins.
Preloading 0 native plugins for Editor in 0.00 ms.
Unloading 1801 Unused Serialized files (Serialized files now loaded: 0)
System memory in use before: 87.6 MB.
System memory in use after: 87.7 MB.

Unloading 7 unused Assets to reduce memory usage. Loaded Objects now: 2332.
Total: 2.219100 ms (FindLiveObjects: 0.233500 ms CreateObjectMapping: 0.047400 ms MarkObjects: 1.918400 ms  DeleteObjects: 0.018600 ms)

========================================================================
Received Prepare
Registering precompiled user dll's ...
Registered in 0.000617 seconds.
Begin MonoManager ReloadAssembly
Native extension for WindowsStandalone target not found
Refreshing native plugins compatible for Editor in 0.50 ms, found 1 plugins.
Preloading 0 native plugins for Editor in 0.00 ms.
Mono: successfully reloaded assembly
- Completed reload, in  0.640 seconds
Platform modules already initialized, skipping
Refreshing native plugins compatible for Editor in 0.47 ms, found 1 plugins.
Preloading 0 native plugins for Editor in 0.00 ms.
Unloading 1801 Unused Serialized files (Serialized files now loaded: 0)
System memory in use before: 87.6 MB.
System memory in use after: 87.7 MB.

Unloading 7 unused Assets to reduce memory usage. Loaded Objects now: 2336.
Total: 1.965100 ms (FindLiveObjects: 0.296700 ms CreateObjectMapping: 0.053500 ms MarkObjects: 1.596600 ms  DeleteObjects: 0.017300 ms)

========================================================================
Received Prepare
Registering precompiled user dll's ...
Registered in 0.000651 seconds.
Begin MonoManager ReloadAssembly
Native extension for WindowsStandalone target not found
Refreshing native plugins compatible for Editor in 0.48 ms, found 1 plugins.
Preloading 0 native plugins for Editor in 0.00 ms.
Mono: successfully reloaded assembly
- Completed reload, in  0.651 seconds
Platform modules already initialized, skipping
Refreshing native plugins compatible for Editor in 0.35 ms, found 1 plugins.
Preloading 0 native plugins for Editor in 0.00 ms.
Unloading 1801 Unused Serialized files (Serialized files now loaded: 0)
System memory in use before: 87.6 MB.
System memory in use after: 87.7 MB.

Unloading 7 unused Assets to reduce memory usage. Loaded Objects now: 2340.
Total: 2.401000 ms (FindLiveObjects: 0.451200 ms CreateObjectMapping: 0.050500 ms MarkObjects: 1.879100 ms  DeleteObjects: 0.019200 ms)

========================================================================
Received Prepare
Registering precompiled user dll's ...
Registered in 0.000634 seconds.
Begin MonoManager ReloadAssembly
Native extension for WindowsStandalone target not found
Refreshing native plugins compatible for Editor in 0.49 ms, found 1 plugins.
Preloading 0 native plugins for Editor in 0.00 ms.
Mono: successfully reloaded assembly
- Completed reload, in  0.651 seconds
Platform modules already initialized, skipping
Refreshing native plugins compatible for Editor in 0.36 ms, found 1 plugins.
Preloading 0 native plugins for Editor in 0.00 ms.
Unloading 1801 Unused Serialized files (Serialized files now loaded: 0)
System memory in use before: 87.6 MB.
System memory in use after: 87.7 MB.

Unloading 7 unused Assets to reduce memory usage. Loaded Objects now: 2344.
Total: 1.908600 ms (FindLiveObjects: 0.201200 ms CreateObjectMapping: 0.047000 ms MarkObjects: 1.640500 ms  DeleteObjects: 0.018900 ms)

========================================================================
Received Prepare
Registering precompiled user dll's ...
Registered in 0.000701 seconds.
Begin MonoManager ReloadAssembly
Native extension for WindowsStandalone target not found
Refreshing native plugins compatible for Editor in 0.53 ms, found 1 plugins.
Preloading 0 native plugins for Editor in 0.00 ms.
Mono: successfully reloaded assembly
- Completed reload, in  0.697 seconds
Platform modules already initialized, skipping
Refreshing native plugins compatible for Editor in 0.53 ms, found 1 plugins.
Preloading 0 native plugins for Editor in 0.00 ms.
Unloading 1801 Unused Serialized files (Serialized files now loaded: 0)
System memory in use before: 87.6 MB.
System memory in use after: 87.7 MB.

Unloading 7 unused Assets to reduce memory usage. Loaded Objects now: 2348.
Total: 2.211700 ms (FindLiveObjects: 0.270100 ms CreateObjectMapping: 0.043900 ms MarkObjects: 1.878100 ms  DeleteObjects: 0.018200 ms)

========================================================================
Received Prepare
Registering precompiled user dll's ...
Registered in 0.000674 seconds.
Begin MonoManager ReloadAssembly
Native extension for WindowsStandalone target not found
Refreshing native plugins compatible for Editor in 0.50 ms, found 1 plugins.
Preloading 0 native plugins for Editor in 0.00 ms.
Mono: successfully reloaded assembly
- Completed reload, in  0.678 seconds
Platform modules already initialized, skipping
Refreshing native plugins compatible for Editor in 0.53 ms, found 1 plugins.
Preloading 0 native plugins for Editor in 0.00 ms.
Unloading 1801 Unused Serialized files (Serialized files now loaded: 0)
System memory in use before: 87.6 MB.
System memory in use after: 87.8 MB.

Unloading 7 unused Assets to reduce memory usage. Loaded Objects now: 2352.
Total: 1.963500 ms (FindLiveObjects: 0.223200 ms CreateObjectMapping: 0.041400 ms MarkObjects: 1.675000 ms  DeleteObjects: 0.022400 ms)

========================================================================
Received Prepare
Registering precompiled user dll's ...
Registered in 0.000538 seconds.
Begin MonoManager ReloadAssembly
Native extension for WindowsStandalone target not found
Refreshing native plugins compatible for Editor in 0.50 ms, found 1 plugins.
Preloading 0 native plugins for Editor in 0.00 ms.
Mono: successfully reloaded assembly
- Completed reload, in  0.637 seconds
Platform modules already initialized, skipping
Refreshing native plugins compatible for Editor in 0.32 ms, found 1 plugins.
Preloading 0 native plugins for Editor in 0.00 ms.
Unloading 1801 Unused Serialized files (Serialized files now loaded: 0)
System memory in use before: 87.7 MB.
System memory in use after: 87.8 MB.

Unloading 7 unused Assets to reduce memory usage. Loaded Objects now: 2356.
Total: 2.191400 ms (FindLiveObjects: 0.215700 ms CreateObjectMapping: 0.045900 ms MarkObjects: 1.911200 ms  DeleteObjects: 0.017500 ms)

========================================================================
Received Import Request.
  Time since last request: 1265.657385 seconds.
  path: Assets/Scripts
  artifactKey: Guid(ff337543a73aa2742a47a4f97529c40d) Importer(815301076,1909f56bfc062723c751e8b465ee728b)
Start importing Assets/Scripts using Guid(ff337543a73aa2742a47a4f97529c40d) Importer(815301076,1909f56bfc062723c751e8b465ee728b)  -> (artifact id: '1f1a313f6772f8dd43e33e26d57d39db') in 0.007589 seconds
  Import took 0.010451 seconds .

========================================================================
Received Import Request.
  Time since last request: 9.168990 seconds.
  path: Assets/Scripts/Enemy.cs
  artifactKey: Guid(5fb6165fed221d546a6697964bf0d4c9) Importer(815301076,1909f56bfc062723c751e8b465ee728b)
Start importing Assets/Scripts/Enemy.cs using Guid(5fb6165fed221d546a6697964bf0d4c9) Importer(815301076,1909f56bfc062723c751e8b465ee728b)  -> (artifact id: 'c6bb366c0f460c36f35403ce208b0ccf') in 0.007909 seconds
  Import took 0.010831 seconds .

========================================================================
Received Prepare
Registering precompiled user dll's ...
Registered in 0.001012 seconds.
Begin MonoManager ReloadAssembly
Native extension for WindowsStandalone target not found
Refreshing native plugins compatible for Editor in 0.48 ms, found 1 plugins.
Preloading 0 native plugins for Editor in 0.00 ms.
Mono: successfully reloaded assembly
- Completed reload, in  0.693 seconds
Platform modules already initialized, skipping
Refreshing native plugins compatible for Editor in 0.43 ms, found 1 plugins.
Preloading 0 native plugins for Editor in 0.00 ms.
Unloading 1802 Unused Serialized files (Serialized files now loaded: 0)
System memory in use before: 87.7 MB.
System memory in use after: 87.8 MB.

Unloading 7 unused Assets to reduce memory usage. Loaded Objects now: 2361.
Total: 1.889400 ms (FindLiveObjects: 0.196900 ms CreateObjectMapping: 0.040400 ms MarkObjects: 1.627500 ms  DeleteObjects: 0.023800 ms)

========================================================================
Received Prepare
Registering precompiled user dll's ...
Registered in 0.000633 seconds.
Begin MonoManager ReloadAssembly
Native extension for WindowsStandalone target not found
Refreshing native plugins compatible for Editor in 0.51 ms, found 1 plugins.
Preloading 0 native plugins for Editor in 0.00 ms.
Mono: successfully reloaded assembly
- Completed reload, in  0.650 seconds
Platform modules already initialized, skipping
Refreshing native plugins compatible for Editor in 0.37 ms, found 1 plugins.
Preloading 0 native plugins for Editor in 0.00 ms.
Unloading 1802 Unused Serialized files (Serialized files now loaded: 0)
System memory in use before: 87.7 MB.
System memory in use after: 87.8 MB.

Unloading 7 unused Assets to reduce memory usage. Loaded Objects now: 2365.
Total: 1.816300 ms (FindLiveObjects: 0.218100 ms CreateObjectMapping: 0.051500 ms MarkObjects: 1.530300 ms  DeleteObjects: 0.015500 ms)

========================================================================
Received Import Request.
  Time since last request: 76.259251 seconds.
  path: Assets/Scripts/Enemy.cs
  artifactKey: Guid(5fb6165fed221d546a6697964bf0d4c9) Importer(815301076,1909f56bfc062723c751e8b465ee728b)
Start importing Assets/Scripts/Enemy.cs using Guid(5fb6165fed221d546a6697964bf0d4c9) Importer(815301076,1909f56bfc062723c751e8b465ee728b)  -> (artifact id: 'c6456557ce290bdf82f345050d74fb75') in 0.003703 seconds
  Import took 0.006181 seconds .

========================================================================
Received Prepare
Registering precompiled user dll's ...
Registered in 0.000710 seconds.
Begin MonoManager ReloadAssembly
Native extension for WindowsStandalone target not found
Refreshing native plugins compatible for Editor in 0.49 ms, found 1 plugins.
Preloading 0 native plugins for Editor in 0.00 ms.
Mono: successfully reloaded assembly
- Completed reload, in  0.660 seconds
Platform modules already initialized, skipping
Refreshing native plugins compatible for Editor in 0.42 ms, found 1 plugins.
Preloading 0 native plugins for Editor in 0.00 ms.
Unloading 1802 Unused Serialized files (Serialized files now loaded: 0)
System memory in use before: 87.7 MB.
System memory in use after: 87.8 MB.

Unloading 7 unused Assets to reduce memory usage. Loaded Objects now: 2369.
Total: 1.934700 ms (FindLiveObjects: 0.253300 ms CreateObjectMapping: 0.041100 ms MarkObjects: 1.624300 ms  DeleteObjects: 0.014700 ms)

========================================================================
Received Prepare
Registering precompiled user dll's ...
Registered in 0.000627 seconds.
Begin MonoManager ReloadAssembly
Native extension for WindowsStandalone target not found
Refreshing native plugins compatible for Editor in 0.49 ms, found 1 plugins.
Preloading 0 native plugins for Editor in 0.00 ms.
Mono: successfully reloaded assembly
- Completed reload, in  0.652 seconds
Platform modules already initialized, skipping
Refreshing native plugins compatible for Editor in 0.31 ms, found 1 plugins.
Preloading 0 native plugins for Editor in 0.00 ms.
Unloading 1802 Unused Serialized files (Serialized files now loaded: 0)
System memory in use before: 87.7 MB.
System memory in use after: 87.8 MB.

Unloading 7 unused Assets to reduce memory usage. Loaded Objects now: 2373.
Total: 2.126000 ms (FindLiveObjects: 0.215000 ms CreateObjectMapping: 0.042000 ms MarkObjects: 1.848000 ms  DeleteObjects: 0.019800 ms)

========================================================================
Received Import Request.
  Time since last request: 270.676292 seconds.
  path: Assets/FlyingEyeController.cs
  artifactKey: Guid(a207627d18a0ba24e912404569f93775) Importer(815301076,1909f56bfc062723c751e8b465ee728b)
Start importing Assets/FlyingEyeController.cs using Guid(a207627d18a0ba24e912404569f93775) Importer(815301076,1909f56bfc062723c751e8b465ee728b)  -> (artifact id: 'bda18952754c43650806a0062430f809') in 0.008106 seconds
  Import took 0.010992 seconds .

========================================================================
Received Prepare
Registering precompiled user dll's ...
Registered in 0.000689 seconds.
Begin MonoManager ReloadAssembly
Native extension for WindowsStandalone target not found
Refreshing native plugins compatible for Editor in 0.48 ms, found 1 plugins.
Preloading 0 native plugins for Editor in 0.00 ms.
Mono: successfully reloaded assembly
- Completed reload, in  0.674 seconds
Platform modules already initialized, skipping
Refreshing native plugins compatible for Editor in 0.32 ms, found 1 plugins.
Preloading 0 native plugins for Editor in 0.00 ms.
Unloading 1801 Unused Serialized files (Serialized files now loaded: 0)
System memory in use before: 87.7 MB.
System memory in use after: 87.8 MB.

Unloading 8 unused Assets to reduce memory usage. Loaded Objects now: 2376.
Total: 1.900800 ms (FindLiveObjects: 0.202700 ms CreateObjectMapping: 0.040400 ms MarkObjects: 1.634700 ms  DeleteObjects: 0.022100 ms)

========================================================================
Received Prepare
Registering precompiled user dll's ...
Registered in 0.000641 seconds.
Begin MonoManager ReloadAssembly
Native extension for WindowsStandalone target not found
Refreshing native plugins compatible for Editor in 0.49 ms, found 1 plugins.
Preloading 0 native plugins for Editor in 0.00 ms.
Mono: successfully reloaded assembly
- Completed reload, in  0.669 seconds
Platform modules already initialized, skipping
Refreshing native plugins compatible for Editor in 0.47 ms, found 1 plugins.
Preloading 0 native plugins for Editor in 0.00 ms.
Unloading 1802 Unused Serialized files (Serialized files now loaded: 0)
System memory in use before: 87.7 MB.
System memory in use after: 87.8 MB.

Unloading 7 unused Assets to reduce memory usage. Loaded Objects now: 2381.
Total: 2.066800 ms (FindLiveObjects: 0.332500 ms CreateObjectMapping: 0.053700 ms MarkObjects: 1.666700 ms  DeleteObjects: 0.013000 ms)

========================================================================
Received Import Request.
  Time since last request: 53.452267 seconds.
  path: Assets/Scripts/FlyingEyeController.cs
  artifactKey: Guid(529da482c8911d7418ce7526dd031428) Importer(815301076,1909f56bfc062723c751e8b465ee728b)
Start importing Assets/Scripts/FlyingEyeController.cs using Guid(529da482c8911d7418ce7526dd031428) Importer(815301076,1909f56bfc062723c751e8b465ee728b)  -> (artifact id: '88a1a7e6f431653f3a061fa9e41d845c') in 0.004657 seconds
  Import took 0.007824 seconds .

========================================================================
Received Prepare
Registering precompiled user dll's ...
Registered in 0.000648 seconds.
Begin MonoManager ReloadAssembly
Native extension for WindowsStandalone target not found
Refreshing native plugins compatible for Editor in 0.49 ms, found 1 plugins.
Preloading 0 native plugins for Editor in 0.00 ms.
Mono: successfully reloaded assembly
- Completed reload, in  0.662 seconds
Platform modules already initialized, skipping
Refreshing native plugins compatible for Editor in 0.34 ms, found 1 plugins.
Preloading 0 native plugins for Editor in 0.00 ms.
Unloading 1802 Unused Serialized files (Serialized files now loaded: 0)
System memory in use before: 87.7 MB.
System memory in use after: 87.8 MB.

Unloading 7 unused Assets to reduce memory usage. Loaded Objects now: 2385.
Total: 1.889300 ms (FindLiveObjects: 0.212000 ms CreateObjectMapping: 0.046600 ms MarkObjects: 1.612200 ms  DeleteObjects: 0.017400 ms)

========================================================================
Received Import Request.
  Time since last request: 39.696224 seconds.
  path: Assets/Scripts/Enemy.cs
  artifactKey: Guid(5fb6165fed221d546a6697964bf0d4c9) Importer(815301076,1909f56bfc062723c751e8b465ee728b)
Start importing Assets/Scripts/Enemy.cs using Guid(5fb6165fed221d546a6697964bf0d4c9) Importer(815301076,1909f56bfc062723c751e8b465ee728b)  -> (artifact id: 'b97e805e30a8d383395c4e596ee13bf2') in 0.003783 seconds
  Import took 0.006712 seconds .

========================================================================
Received Import Request.
  Time since last request: 0.002250 seconds.
  path: Assets/Scripts/Enemy.cs
  artifactKey: Guid(5fb6165fed221d546a6697964bf0d4c9) Importer(815301076,1909f56bfc062723c751e8b465ee728b)
Start importing Assets/Scripts/Enemy.cs using Guid(5fb6165fed221d546a6697964bf0d4c9) Importer(815301076,1909f56bfc062723c751e8b465ee728b)  -> (artifact id: 'b97e805e30a8d383395c4e596ee13bf2') in 0.001193 seconds
  Import took 0.003572 seconds .

========================================================================
Received Prepare
Registering precompiled user dll's ...
Registered in 0.000610 seconds.
Begin MonoManager ReloadAssembly
Native extension for WindowsStandalone target not found
Refreshing native plugins compatible for Editor in 0.50 ms, found 1 plugins.
Preloading 0 native plugins for Editor in 0.00 ms.
Mono: successfully reloaded assembly
- Completed reload, in  0.680 seconds
Platform modules already initialized, skipping
Refreshing native plugins compatible for Editor in 0.46 ms, found 1 plugins.
Preloading 0 native plugins for Editor in 0.00 ms.
Unloading 1801 Unused Serialized files (Serialized files now loaded: 0)
System memory in use before: 87.7 MB.
System memory in use after: 87.8 MB.

Unloading 8 unused Assets to reduce memory usage. Loaded Objects now: 2388.
Total: 1.917900 ms (FindLiveObjects: 0.233400 ms CreateObjectMapping: 0.045200 ms MarkObjects: 1.620900 ms  DeleteObjects: 0.017600 ms)

========================================================================
Received Prepare
Registering precompiled user dll's ...
Registered in 0.000679 seconds.
Begin MonoManager ReloadAssembly
Native extension for WindowsStandalone target not found
Refreshing native plugins compatible for Editor in 0.48 ms, found 1 plugins.
Preloading 0 native plugins for Editor in 0.00 ms.
Mono: successfully reloaded assembly
- Completed reload, in  0.667 seconds
Platform modules already initialized, skipping
Refreshing native plugins compatible for Editor in 0.34 ms, found 1 plugins.
Preloading 0 native plugins for Editor in 0.00 ms.
Unloading 1801 Unused Serialized files (Serialized files now loaded: 0)
System memory in use before: 87.7 MB.
System memory in use after: 87.8 MB.

Unloading 7 unused Assets to reduce memory usage. Loaded Objects now: 2392.
Total: 1.892100 ms (FindLiveObjects: 0.194600 ms CreateObjectMapping: 0.039700 ms MarkObjects: 1.633000 ms  DeleteObjects: 0.023900 ms)

AssetImportWorkerClient::OnTransportError - code=2 error=End of file
